<?xml version="1.0" encoding="UTF-8"?>
<!-- Generated by org.testng.reporters.JUnitReportReporter -->
<testsuite hostname="LAPTOP-ANK01Q71" failures="0" tests="1" name="restAssuredDemo.postRequest" time="5.219" errors="0" timestamp="2022-04-22T17:13:20 IST" skipped="0">
  <testcase classname="restAssuredDemo.postRequest" name="test_post" time="5.219"/>
  <system-out/>
</testsuite> <!-- restAssuredDemo.postRequest -->
