<?xml version="1.0" encoding="UTF-8"?>
<!-- Generated by org.testng.reporters.JUnitReportReporter -->
<testsuite hostname="LAPTOP-ANK01Q71" failures="0" tests="1" name="restAssuredDemo.getRequest" time="2.972" errors="0" timestamp="2022-04-22T16:50:18 IST" skipped="0">
  <testcase classname="restAssuredDemo.getRequest" name="test_get" time="2.972"/>
  <system-out/>
</testsuite> <!-- restAssuredDemo.getRequest -->
