<?xml version="1.0" encoding="UTF-8"?>
<!-- Generated by org.testng.reporters.JUnitReportReporter -->
<testsuite hostname="LAPTOP-ANK01Q71" failures="0" tests="2" name="utils.excelUtilsTest" time="5.966" errors="0" timestamp="2022-04-26T15:30:02 IST" skipped="0">
  <testcase classname="utils.excelUtilsTest" name="excelFunc" time="0.050"/>
  <system-out/>
  <testcase classname="utils.excelUtilsTest" name="excelFunc" time="5.916"/>
  <system-out/>
</testsuite> <!-- utils.excelUtilsTest -->
