<?xml version="1.0" encoding="UTF-8"?>
<!-- Generated by org.testng.reporters.JUnitReportReporter -->
<testsuite hostname="LAPTOP-ANK01Q71" failures="0" tests="1" name="restAssuredDemo.deleteRequest" time="4.739" errors="0" timestamp="2022-04-22T17:14:18 IST" skipped="0">
  <testcase classname="restAssuredDemo.deleteRequest" name="test_delete" time="4.739"/>
  <system-out/>
</testsuite> <!-- restAssuredDemo.deleteRequest -->
