<?xml version="1.0" encoding="UTF-8"?>
<!-- Generated by org.testng.reporters.JUnitReportReporter -->
<testsuite hostname="LAPTOP-ANK01Q71" failures="0" tests="1" name="restAssuredDemo.putRequest" time="2.902" errors="0" timestamp="2022-04-22T17:03:49 IST" skipped="0">
  <testcase classname="restAssuredDemo.putRequest" name="test_post" time="2.902"/>
  <system-out/>
</testsuite> <!-- restAssuredDemo.putRequest -->
